# JRE version: OpenJDK Runtime Environment 18.9 (11.0.11+9) (build 11.0.11+9)
# Java VM: OpenJDK 64-Bit Server VM 18.9 (11.0.11+9, mixed mode, tiered, compressed oops, g1 gc, windows-amd64)
Heap:
 garbage-first heap   total 262144K, used 126256K [0x0000000740000000, 0x0000000800000000)
  region size 1024K, 25 young (25600K), 1 survivors (1024K)
 Metaspace       used 96876K, capacity 98743K, committed 101288K, reserved 1136640K
  class space    used 12378K, capacity 13166K, committed 14040K, reserved 1048576K
GC Heap History (20 events):
Event: 4898.627 GC heap before
{Heap before GC invocations=234 (full 16):
 garbage-first heap   total 262144K, used 172982K [0x0000000740000000, 0x0000000800000000)
  region size 1024K, 60 young (61440K), 2 survivors (2048K)
 Metaspace       used 96904K, capacity 98725K, committed 100904K, reserved 1136640K
  class space    used 12403K, capacity 13204K, committed 13912K, reserved 1048576K
}
Event: 4898.628 GC heap after
{Heap after GC invocations=235 (full 16):
 garbage-first heap   total 262144K, used 113055K [0x0000000740000000, 0x0000000800000000)
  region size 1024K, 1 young (1024K), 1 survivors (1024K)
 Metaspace       used 96904K, capacity 98725K, committed 100904K, reserved 1136640K
  class space    used 12403K, capacity 13204K, committed 13912K, reserved 1048576K
}
Event: 4909.830 GC heap before
{Heap before GC invocations=235 (full 16):
 garbage-first heap   total 262144K, used 173471K [0x0000000740000000, 0x0000000800000000)
  region size 1024K, 60 young (61440K), 1 survivors (1024K)
 Metaspace       used 96911K, capacity 98725K, committed 100904K, reserved 1136640K
  class space    used 12403K, capacity 13204K, committed 13912K, reserved 1048576K
}
Event: 4909.831 GC heap after
{Heap after GC invocations=236 (full 16):
 garbage-first heap   total 262144K, used 113111K [0x0000000740000000, 0x0000000800000000)
  region size 1024K, 1 young (1024K), 1 survivors (1024K)
 Metaspace       used 96911K, capacity 98725K, committed 100904K, reserved 1136640K
  class space    used 12403K, capacity 13204K, committed 13912K, reserved 1048576K
}
Event: 4969.235 GC heap before
{Heap before GC invocations=236 (full 16):
 garbage-first heap   total 262144K, used 173527K [0x0000000740000000, 0x0000000800000000)
  region size 1024K, 60 young (61440K), 1 survivors (1024K)
 Metaspace       used 96911K, capacity 98725K, committed 100904K, reserved 1136640K
  class space    used 12403K, capacity 13204K, committed 13912K, reserved 1048576K
}
Event: 4969.236 GC heap after
{Heap after GC invocations=237 (full 16):
 garbage-first heap   total 262144K, used 113117K [0x0000000740000000, 0x0000000800000000)
  region size 1024K, 1 young (1024K), 1 survivors (1024K)
 Metaspace       used 96911K, capacity 98725K, committed 100904K, reserved 1136640K
  class space    used 12403K, capacity 13204K, committed 13912K, reserved 1048576K
}
Event: 5000.576 GC heap before
{Heap before GC invocations=237 (full 16):
 garbage-first heap   total 262144K, used 173533K [0x0000000740000000, 0x0000000800000000)
  region size 1024K, 60 young (61440K), 1 survivors (1024K)
 Metaspace       used 96914K, capacity 98725K, committed 100904K, reserved 1136640K
  class space    used 12403K, capacity 13204K, committed 13912K, reserved 1048576K
}
Event: 5000.577 GC heap after
{Heap after GC invocations=238 (full 16):
 garbage-first heap   total 262144K, used 113074K [0x0000000740000000, 0x0000000800000000)
  region size 1024K, 1 young (1024K), 1 survivors (1024K)
 Metaspace       used 96914K, capacity 98725K, committed 100904K, reserved 1136640K
  class space    used 12403K, capacity 13204K, committed 13912K, reserved 1048576K
}
Event: 5003.390 GC heap before
{Heap before GC invocations=238 (full 16):
 garbage-first heap   total 262144K, used 173490K [0x0000000740000000, 0x0000000800000000)
  region size 1024K, 60 young (61440K), 1 survivors (1024K)
 Metaspace       used 96914K, capacity 98725K, committed 100904K, reserved 1136640K
  class space    used 12403K, capacity 13204K, committed 13912K, reserved 1048576K
}
Event: 5003.391 GC heap after
{Heap after GC invocations=239 (full 16):
 garbage-first heap   total 262144K, used 113060K [0x0000000740000000, 0x0000000800000000)
  region size 1024K, 1 young (1024K), 1 survivors (1024K)
 Metaspace       used 96914K, capacity 98725K, committed 100904K, reserved 1136640K
  class space    used 12403K, capacity 13204K, committed 13912K, reserved 1048576K
}
Event: 5004.122 GC heap before
{Heap before GC invocations=239 (full 16):
 garbage-first heap   total 262144K, used 173476K [0x0000000740000000, 0x0000000800000000)
  region size 1024K, 60 young (61440K), 1 survivors (1024K)
 Metaspace       used 96914K, capacity 98725K, committed 100904K, reserved 1136640K
  class space    used 12403K, capacity 13204K, committed 13912K, reserved 1048576K
}
Event: 5004.123 GC heap after
{Heap after GC invocations=240 (full 16):
 garbage-first heap   total 262144K, used 113051K [0x0000000740000000, 0x0000000800000000)
  region size 1024K, 1 young (1024K), 1 survivors (1024K)
 Metaspace       used 96914K, capacity 98725K, committed 100904K, reserved 1136640K
  class space    used 12403K, capacity 13204K, committed 13912K, reserved 1048576K
}
Event: 5004.815 GC heap before
{Heap before GC invocations=240 (full 16):
 garbage-first heap   total 262144K, used 120219K [0x0000000740000000, 0x0000000800000000)
  region size 1024K, 9 young (9216K), 1 survivors (1024K)
 Metaspace       used 96914K, capacity 98725K, committed 100904K, reserved 1136640K
  class space    used 12403K, capacity 13204K, committed 13912K, reserved 1048576K
}
Event: 5004.816 GC heap after
{Heap after GC invocations=241 (full 16):
 garbage-first heap   total 262144K, used 113065K [0x0000000740000000, 0x0000000800000000)
  region size 1024K, 1 young (1024K), 1 survivors (1024K)
 Metaspace       used 96914K, capacity 98725K, committed 100904K, reserved 1136640K
  class space    used 12403K, capacity 13204K, committed 13912K, reserved 1048576K
}
Event: 5006.875 GC heap before
{Heap before GC invocations=242 (full 16):
 garbage-first heap   total 262144K, used 149929K [0x0000000740000000, 0x0000000800000000)
  region size 1024K, 30 young (30720K), 1 survivors (1024K)
 Metaspace       used 96701K, capacity 98516K, committed 100904K, reserved 1136640K
  class space    used 12346K, capacity 13093K, committed 13912K, reserved 1048576K
}
Event: 5006.944 GC heap after
{Heap after GC invocations=243 (full 17):
 garbage-first heap   total 262144K, used 94619K [0x0000000740000000, 0x0000000800000000)
  region size 1024K, 0 young (0K), 0 survivors (0K)
 Metaspace       used 96701K, capacity 98516K, committed 100904K, reserved 1136640K
  class space    used 12346K, capacity 13093K, committed 13912K, reserved 1048576K
}
Event: 5016.352 GC heap before
{Heap before GC invocations=243 (full 17):
 garbage-first heap   total 262144K, used 119195K [0x0000000740000000, 0x0000000800000000)
  region size 1024K, 21 young (21504K), 0 survivors (0K)
 Metaspace       used 96705K, capacity 98516K, committed 100904K, reserved 1136640K
  class space    used 12346K, capacity 13093K, committed 13912K, reserved 1048576K
}
Event: 5016.419 GC heap after
{Heap after GC invocations=244 (full 18):
 garbage-first heap   total 262144K, used 94308K [0x0000000740000000, 0x0000000800000000)
  region size 1024K, 0 young (0K), 0 survivors (0K)
 Metaspace       used 96705K, capacity 98516K, committed 100904K, reserved 1136640K
  class space    used 12346K, capacity 13093K, committed 13912K, reserved 1048576K
}
Event: 5018.763 GC heap before
{Heap before GC invocations=244 (full 18):
 garbage-first heap   total 262144K, used 108644K [0x0000000740000000, 0x0000000800000000)
  region size 1024K, 10 young (10240K), 0 survivors (0K)
 Metaspace       used 96717K, capacity 98531K, committed 100904K, reserved 1136640K
  class space    used 12347K, capacity 13095K, committed 13912K, reserved 1048576K
}
Event: 5018.763 GC heap after
{Heap after GC invocations=245 (full 18):
 garbage-first heap   total 262144K, used 99632K [0x0000000740000000, 0x0000000800000000)
  region size 1024K, 1 young (1024K), 1 survivors (1024K)
 Metaspace       used 96717K, capacity 98531K, committed 100904K, reserved 1136640K
  class space    used 12347K, capacity 13095K, committed 13912K, reserved 1048576K
}

